Started GET "/public/stock" for 127.0.0.1 at 2018-04-20 15:01:53 -0300
Processing by ProductsController#get_all as */*
Completed 200 OK in 5545ms (Views: 10.9ms)


Started GET "/private/stock" for 127.0.0.1 at 2018-04-20 15:02:17 -0300
Processing by ProductsController#get_all_private as */*
Completed 200 OK in 4040ms (Views: 4.3ms)


Started GET "/private/stock" for 127.0.0.1 at 2018-04-20 15:03:27 -0300
Processing by ProductsController#get_all_private as */*
Completed 200 OK in 4276ms (Views: 6.6ms)


Started GET "/private/stock" for 127.0.0.1 at 2018-04-20 15:03:47 -0300
Processing by ProductsController#get_all_private as */*
Completed 401 Unauthorized in 1ms (Views: 0.3ms)


Started GET "/" for 127.0.0.1 at 2018-05-07 16:33:16 -0300
Processing by Rails::WelcomeController#index as HTML
  Rendering /Users/JPSCHELE/.rbenv/versions/2.4.2/lib/ruby/gems/2.4.0/gems/railties-5.1.6/lib/rails/templates/rails/welcome/index.html.erb
  Rendered /Users/JPSCHELE/.rbenv/versions/2.4.2/lib/ruby/gems/2.4.0/gems/railties-5.1.6/lib/rails/templates/rails/welcome/index.html.erb (7.9ms)
Completed 200 OK in 419ms (Views: 14.9ms)


Started GET "/public/stock" for 127.0.0.1 at 2018-05-07 16:33:40 -0300
Processing by ProductsController#get_all as */*
Completed 200 OK in 4631ms (Views: 5.6ms)


Started GET "/private/stock" for 127.0.0.1 at 2018-05-07 16:33:55 -0300
Processing by ProductsController#get_all_private as */*
Completed 400 Bad Request in 1ms (Views: 0.2ms)


Started GET "/private/stock" for 127.0.0.1 at 2018-05-07 16:34:11 -0300
Processing by ProductsController#get_all_private as */*
Completed 200 OK in 3506ms (Views: 0.3ms)


Started GET "/private/stock" for 127.0.0.1 at 2018-05-07 16:34:19 -0300
Processing by ProductsController#get_all_private as */*
Completed 401 Unauthorized in 1ms (Views: 0.2ms)


Started GET "/" for 127.0.0.1 at 2018-05-07 16:42:16 -0300
Processing by Rails::WelcomeController#index as HTML
  Rendering /Users/JPSCHELE/.rbenv/versions/2.4.2/lib/ruby/gems/2.4.0/gems/railties-5.1.6/lib/rails/templates/rails/welcome/index.html.erb
  Rendered /Users/JPSCHELE/.rbenv/versions/2.4.2/lib/ruby/gems/2.4.0/gems/railties-5.1.6/lib/rails/templates/rails/welcome/index.html.erb (43.0ms)
Completed 200 OK in 62ms (Views: 51.1ms)


Started GET "/" for 127.0.0.1 at 2018-05-07 16:42:44 -0300
Processing by Rails::WelcomeController#index as HTML
  Rendering /Users/JPSCHELE/.rbenv/versions/2.4.2/lib/ruby/gems/2.4.0/gems/railties-5.1.6/lib/rails/templates/rails/welcome/index.html.erb
  Rendered /Users/JPSCHELE/.rbenv/versions/2.4.2/lib/ruby/gems/2.4.0/gems/railties-5.1.6/lib/rails/templates/rails/welcome/index.html.erb (3.7ms)
Completed 200 OK in 11ms (Views: 6.9ms)


Started GET "/" for 127.0.0.1 at 2018-05-07 16:42:46 -0300
Processing by Rails::WelcomeController#index as HTML
  Rendering /Users/JPSCHELE/.rbenv/versions/2.4.2/lib/ruby/gems/2.4.0/gems/railties-5.1.6/lib/rails/templates/rails/welcome/index.html.erb
  Rendered /Users/JPSCHELE/.rbenv/versions/2.4.2/lib/ruby/gems/2.4.0/gems/railties-5.1.6/lib/rails/templates/rails/welcome/index.html.erb (3.3ms)
Completed 200 OK in 10ms (Views: 6.4ms)


Started GET "/" for 127.0.0.1 at 2018-05-07 16:43:27 -0300
Processing by Rails::WelcomeController#index as HTML
  Rendering /Users/JPSCHELE/.rbenv/versions/2.4.2/lib/ruby/gems/2.4.0/gems/railties-5.1.6/lib/rails/templates/rails/welcome/index.html.erb
  Rendered /Users/JPSCHELE/.rbenv/versions/2.4.2/lib/ruby/gems/2.4.0/gems/railties-5.1.6/lib/rails/templates/rails/welcome/index.html.erb (3.2ms)
Completed 200 OK in 11ms (Views: 6.7ms)


Started GET "/" for 127.0.0.1 at 2018-05-07 16:44:58 -0300
Processing by Rails::WelcomeController#index as HTML
  Rendering /Users/JPSCHELE/.rbenv/versions/2.4.2/lib/ruby/gems/2.4.0/gems/railties-5.1.6/lib/rails/templates/rails/welcome/index.html.erb
  Rendered /Users/JPSCHELE/.rbenv/versions/2.4.2/lib/ruby/gems/2.4.0/gems/railties-5.1.6/lib/rails/templates/rails/welcome/index.html.erb (3.8ms)
Completed 200 OK in 15ms (Views: 8.5ms)


Started GET "/public/stock" for 127.0.0.1 at 2018-05-07 16:45:41 -0300
Processing by ProductsController#get_all as HTML
Completed 200 OK in 4071ms (Views: 0.8ms)


Started GET "/home" for 127.0.0.1 at 2018-05-07 16:45:59 -0300
  
ActionController::RoutingError (No route matches [GET] "/home"):
  
actionpack (5.1.6) lib/action_dispatch/middleware/debug_exceptions.rb:63:in `call'
web-console (3.6.1) lib/web_console/middleware.rb:135:in `call_app'
web-console (3.6.1) lib/web_console/middleware.rb:30:in `block in call'
web-console (3.6.1) lib/web_console/middleware.rb:20:in `catch'
web-console (3.6.1) lib/web_console/middleware.rb:20:in `call'
actionpack (5.1.6) lib/action_dispatch/middleware/show_exceptions.rb:31:in `call'
railties (5.1.6) lib/rails/rack/logger.rb:36:in `call_app'
railties (5.1.6) lib/rails/rack/logger.rb:24:in `block in call'
activesupport (5.1.6) lib/active_support/tagged_logging.rb:69:in `block in tagged'
activesupport (5.1.6) lib/active_support/tagged_logging.rb:26:in `tagged'
activesupport (5.1.6) lib/active_support/tagged_logging.rb:69:in `tagged'
railties (5.1.6) lib/rails/rack/logger.rb:24:in `call'
sprockets-rails (3.2.1) lib/sprockets/rails/quiet_assets.rb:13:in `call'
actionpack (5.1.6) lib/action_dispatch/middleware/remote_ip.rb:79:in `call'
actionpack (5.1.6) lib/action_dispatch/middleware/request_id.rb:25:in `call'
rack (2.0.4) lib/rack/method_override.rb:22:in `call'
rack (2.0.4) lib/rack/runtime.rb:22:in `call'
activesupport (5.1.6) lib/active_support/cache/strategy/local_cache_middleware.rb:27:in `call'
actionpack (5.1.6) lib/action_dispatch/middleware/executor.rb:12:in `call'
actionpack (5.1.6) lib/action_dispatch/middleware/static.rb:125:in `call'
rack (2.0.4) lib/rack/sendfile.rb:111:in `call'
railties (5.1.6) lib/rails/engine.rb:522:in `call'
puma (3.11.4) lib/puma/configuration.rb:225:in `call'
puma (3.11.4) lib/puma/server.rb:632:in `handle_request'
puma (3.11.4) lib/puma/server.rb:446:in `process_client'
puma (3.11.4) lib/puma/server.rb:306:in `block in run'
puma (3.11.4) lib/puma/thread_pool.rb:120:in `block in spawn_thread'
Started GET "/index" for 127.0.0.1 at 2018-05-07 16:46:03 -0300
  
ActionController::RoutingError (No route matches [GET] "/index"):
  
actionpack (5.1.6) lib/action_dispatch/middleware/debug_exceptions.rb:63:in `call'
web-console (3.6.1) lib/web_console/middleware.rb:135:in `call_app'
web-console (3.6.1) lib/web_console/middleware.rb:30:in `block in call'
web-console (3.6.1) lib/web_console/middleware.rb:20:in `catch'
web-console (3.6.1) lib/web_console/middleware.rb:20:in `call'
actionpack (5.1.6) lib/action_dispatch/middleware/show_exceptions.rb:31:in `call'
railties (5.1.6) lib/rails/rack/logger.rb:36:in `call_app'
railties (5.1.6) lib/rails/rack/logger.rb:24:in `block in call'
activesupport (5.1.6) lib/active_support/tagged_logging.rb:69:in `block in tagged'
activesupport (5.1.6) lib/active_support/tagged_logging.rb:26:in `tagged'
activesupport (5.1.6) lib/active_support/tagged_logging.rb:69:in `tagged'
railties (5.1.6) lib/rails/rack/logger.rb:24:in `call'
sprockets-rails (3.2.1) lib/sprockets/rails/quiet_assets.rb:13:in `call'
actionpack (5.1.6) lib/action_dispatch/middleware/remote_ip.rb:79:in `call'
actionpack (5.1.6) lib/action_dispatch/middleware/request_id.rb:25:in `call'
rack (2.0.4) lib/rack/method_override.rb:22:in `call'
rack (2.0.4) lib/rack/runtime.rb:22:in `call'
activesupport (5.1.6) lib/active_support/cache/strategy/local_cache_middleware.rb:27:in `call'
actionpack (5.1.6) lib/action_dispatch/middleware/executor.rb:12:in `call'
actionpack (5.1.6) lib/action_dispatch/middleware/static.rb:125:in `call'
rack (2.0.4) lib/rack/sendfile.rb:111:in `call'
railties (5.1.6) lib/rails/engine.rb:522:in `call'
puma (3.11.4) lib/puma/configuration.rb:225:in `call'
puma (3.11.4) lib/puma/server.rb:632:in `handle_request'
puma (3.11.4) lib/puma/server.rb:446:in `process_client'
puma (3.11.4) lib/puma/server.rb:306:in `block in run'
puma (3.11.4) lib/puma/thread_pool.rb:120:in `block in spawn_thread'
Started GET "/" for 127.0.0.1 at 2018-05-07 16:46:15 -0300
Processing by Rails::WelcomeController#index as HTML
  Rendering /Users/JPSCHELE/.rbenv/versions/2.4.2/lib/ruby/gems/2.4.0/gems/railties-5.1.6/lib/rails/templates/rails/welcome/index.html.erb
  Rendered /Users/JPSCHELE/.rbenv/versions/2.4.2/lib/ruby/gems/2.4.0/gems/railties-5.1.6/lib/rails/templates/rails/welcome/index.html.erb (4.5ms)
Completed 200 OK in 18ms (Views: 11.0ms)


Started GET "/" for 127.0.0.1 at 2018-05-07 16:47:11 -0300
Processing by Rails::WelcomeController#index as HTML
  Rendering /Users/JPSCHELE/.rbenv/versions/2.4.2/lib/ruby/gems/2.4.0/gems/railties-5.1.6/lib/rails/templates/rails/welcome/index.html.erb
  Rendered /Users/JPSCHELE/.rbenv/versions/2.4.2/lib/ruby/gems/2.4.0/gems/railties-5.1.6/lib/rails/templates/rails/welcome/index.html.erb (4.3ms)
Completed 200 OK in 21ms (Views: 11.6ms)


Started GET "/" for 127.0.0.1 at 2018-05-07 16:47:12 -0300
Processing by Rails::WelcomeController#index as HTML
  Rendering /Users/JPSCHELE/.rbenv/versions/2.4.2/lib/ruby/gems/2.4.0/gems/railties-5.1.6/lib/rails/templates/rails/welcome/index.html.erb
  Rendered /Users/JPSCHELE/.rbenv/versions/2.4.2/lib/ruby/gems/2.4.0/gems/railties-5.1.6/lib/rails/templates/rails/welcome/index.html.erb (3.8ms)
Completed 200 OK in 11ms (Views: 7.1ms)


Started GET "/" for 127.0.0.1 at 2018-05-07 16:47:17 -0300
Processing by Rails::WelcomeController#index as HTML
  Rendering /Users/JPSCHELE/.rbenv/versions/2.4.2/lib/ruby/gems/2.4.0/gems/railties-5.1.6/lib/rails/templates/rails/welcome/index.html.erb
  Rendered /Users/JPSCHELE/.rbenv/versions/2.4.2/lib/ruby/gems/2.4.0/gems/railties-5.1.6/lib/rails/templates/rails/welcome/index.html.erb (4.1ms)
Completed 200 OK in 16ms (Views: 10.5ms)


Started GET "/" for 127.0.0.1 at 2018-05-07 16:47:18 -0300
Processing by Rails::WelcomeController#index as HTML
  Rendering /Users/JPSCHELE/.rbenv/versions/2.4.2/lib/ruby/gems/2.4.0/gems/railties-5.1.6/lib/rails/templates/rails/welcome/index.html.erb
  Rendered /Users/JPSCHELE/.rbenv/versions/2.4.2/lib/ruby/gems/2.4.0/gems/railties-5.1.6/lib/rails/templates/rails/welcome/index.html.erb (4.2ms)
Completed 200 OK in 14ms (Views: 8.9ms)


Started GET "/" for 127.0.0.1 at 2018-05-07 16:47:22 -0300
Processing by Rails::WelcomeController#index as HTML
  Rendering /Users/JPSCHELE/.rbenv/versions/2.4.2/lib/ruby/gems/2.4.0/gems/railties-5.1.6/lib/rails/templates/rails/welcome/index.html.erb
  Rendered /Users/JPSCHELE/.rbenv/versions/2.4.2/lib/ruby/gems/2.4.0/gems/railties-5.1.6/lib/rails/templates/rails/welcome/index.html.erb (4.6ms)
Completed 200 OK in 16ms (Views: 9.6ms)


Started GET "/" for 127.0.0.1 at 2018-05-07 16:47:24 -0300
Processing by Rails::WelcomeController#index as HTML
  Rendering /Users/JPSCHELE/.rbenv/versions/2.4.2/lib/ruby/gems/2.4.0/gems/railties-5.1.6/lib/rails/templates/rails/welcome/index.html.erb
  Rendered /Users/JPSCHELE/.rbenv/versions/2.4.2/lib/ruby/gems/2.4.0/gems/railties-5.1.6/lib/rails/templates/rails/welcome/index.html.erb (4.5ms)
Completed 200 OK in 17ms (Views: 10.7ms)


Started GET "/" for 127.0.0.1 at 2018-05-07 16:52:00 -0300
Processing by Rails::WelcomeController#index as HTML
  Rendering /Users/JPSCHELE/.rbenv/versions/2.4.2/lib/ruby/gems/2.4.0/gems/railties-5.1.6/lib/rails/templates/rails/welcome/index.html.erb
  Rendered /Users/JPSCHELE/.rbenv/versions/2.4.2/lib/ruby/gems/2.4.0/gems/railties-5.1.6/lib/rails/templates/rails/welcome/index.html.erb (4.2ms)
Completed 200 OK in 265ms (Views: 12.0ms)


Started GET "/" for 127.0.0.1 at 2018-05-07 16:53:19 -0300
Processing by Rails::WelcomeController#index as HTML
  Rendering /Users/JPSCHELE/.rbenv/versions/2.4.2/lib/ruby/gems/2.4.0/gems/railties-5.1.6/lib/rails/templates/rails/welcome/index.html.erb
  Rendered /Users/JPSCHELE/.rbenv/versions/2.4.2/lib/ruby/gems/2.4.0/gems/railties-5.1.6/lib/rails/templates/rails/welcome/index.html.erb (3.5ms)
Completed 200 OK in 11ms (Views: 6.7ms)


Started GET "/" for 127.0.0.1 at 2018-05-07 16:53:20 -0300
Processing by Rails::WelcomeController#index as HTML
  Rendering /Users/JPSCHELE/.rbenv/versions/2.4.2/lib/ruby/gems/2.4.0/gems/railties-5.1.6/lib/rails/templates/rails/welcome/index.html.erb
  Rendered /Users/JPSCHELE/.rbenv/versions/2.4.2/lib/ruby/gems/2.4.0/gems/railties-5.1.6/lib/rails/templates/rails/welcome/index.html.erb (3.5ms)
Completed 200 OK in 11ms (Views: 7.3ms)


Started GET "/" for 127.0.0.1 at 2018-05-07 16:53:23 -0300
Processing by Rails::WelcomeController#index as HTML
  Rendering /Users/JPSCHELE/.rbenv/versions/2.4.2/lib/ruby/gems/2.4.0/gems/railties-5.1.6/lib/rails/templates/rails/welcome/index.html.erb
  Rendered /Users/JPSCHELE/.rbenv/versions/2.4.2/lib/ruby/gems/2.4.0/gems/railties-5.1.6/lib/rails/templates/rails/welcome/index.html.erb (4.0ms)
Completed 200 OK in 11ms (Views: 7.4ms)


Started GET "/private/stock" for 127.0.0.1 at 2018-05-07 17:00:12 -0300
Processing by ProductsController#get_all_private as */*
Completed 401 Unauthorized in 4ms (Views: 1.1ms)


Started GET "/private/stock" for 127.0.0.1 at 2018-05-07 17:00:16 -0300
Processing by ProductsController#get_all_private as */*
Completed 500 Internal Server Error in 718ms (Views: 0.2ms)


Started GET "/public/stock" for 127.0.0.1 at 2018-05-07 17:00:31 -0300
Processing by ProductsController#get_all as */*
Completed 500 Internal Server Error in 700ms (Views: 0.2ms)


Started GET "/public/stock" for 127.0.0.1 at 2018-05-07 17:01:06 -0300
Processing by ProductsController#get_all as */*
Completed 200 OK in 3664ms (Views: 0.3ms)


Started GET "/public/stock" for 127.0.0.1 at 2018-05-07 17:01:23 -0300
Processing by ProductsController#get_all as */*
Completed 200 OK in 5151ms (Views: 0.2ms)


Started GET "/private/stock" for 127.0.0.1 at 2018-05-07 17:01:38 -0300
Processing by ProductsController#get_all_private as */*
Completed 401 Unauthorized in 1ms (Views: 0.2ms)


Started GET "/private/stock" for 127.0.0.1 at 2018-05-07 17:04:00 -0300
Processing by ProductsController#get_all_private as */*
Completed 401 Unauthorized in 3ms (Views: 0.2ms)


Started GET "/private/stock" for 127.0.0.1 at 2018-05-07 17:06:30 -0300
Processing by ProductsController#get_all_private as */*
Completed 200 OK in 4585ms (Views: 0.2ms)


Started GET "/" for 127.0.0.1 at 2018-05-07 17:13:42 -0300
Processing by Rails::WelcomeController#index as HTML
  Rendering /Users/JPSCHELE/.rbenv/versions/2.4.2/lib/ruby/gems/2.4.0/gems/railties-5.1.6/lib/rails/templates/rails/welcome/index.html.erb
  Rendered /Users/JPSCHELE/.rbenv/versions/2.4.2/lib/ruby/gems/2.4.0/gems/railties-5.1.6/lib/rails/templates/rails/welcome/index.html.erb (4.8ms)
Completed 200 OK in 467ms (Views: 12.3ms)


Started GET "/public/stock" for 127.0.0.1 at 2018-05-07 17:13:49 -0300
Processing by ProductsController#get_all as HTML
Completed 200 OK in 4077ms (Views: 4.9ms)


Started GET "/private/stock" for 127.0.0.1 at 2018-05-07 17:14:02 -0300
Processing by ProductsController#get_all_private as */*
Completed 200 OK in 4012ms (Views: 0.2ms)


